06-25-2016 @ 09:41:43 - Queuing 2.6.0 - wc_update_260_options
06-25-2016 @ 09:41:43 - Queuing 2.6.0 - wc_update_260_termmeta
06-25-2016 @ 09:41:43 - Queuing 2.6.0 - wc_update_260_zones
06-25-2016 @ 09:41:43 - Queuing 2.6.0 - wc_update_260_zone_methods
06-25-2016 @ 09:41:43 - Queuing 2.6.0 - wc_update_260_refunds
06-25-2016 @ 09:41:43 - Queuing 2.6.0 - wc_update_260_db_version
06-25-2016 @ 09:41:44 - Unable to dispatch WooCommerce updater: Operation timed out after 1001 milliseconds with 0 bytes received
06-25-2016 @ 09:41:44 - Running wc_update_260_options callback
06-25-2016 @ 09:41:44 - Finished wc_update_260_options callback
06-25-2016 @ 09:41:44 - Running wc_update_260_termmeta callback
06-25-2016 @ 09:41:44 - Finished wc_update_260_termmeta callback
06-25-2016 @ 09:41:44 - Running wc_update_260_zones callback
06-25-2016 @ 09:41:44 - Finished wc_update_260_zones callback
06-25-2016 @ 09:41:44 - Running wc_update_260_zone_methods callback
06-25-2016 @ 09:41:44 - Finished wc_update_260_zone_methods callback
06-25-2016 @ 09:41:44 - Running wc_update_260_refunds callback
06-25-2016 @ 09:41:44 - Finished wc_update_260_refunds callback
06-25-2016 @ 09:41:44 - Running wc_update_260_db_version callback
06-25-2016 @ 09:41:44 - Finished wc_update_260_db_version callback
06-25-2016 @ 09:41:44 - Data update complete
